<?xml version="1.0" encoding="UTF-8"?>
<!-- Generated by org.testng.reporters.JUnitReportReporter -->
<testsuite hostname="uppi-PC" name="com.selenium.testNG.practice.DropAndDrag" tests="1" failures="0" timestamp="5 Aug 2016 18:16:31 GMT" time="3.754" errors="0">
  <testcase name="excuteDragAndDrop" time="3.754" classname="com.selenium.testNG.practice.DropAndDrag"/>
</testsuite> <!-- com.selenium.testNG.practice.DropAndDrag -->
