<?xml version="1.0" encoding="UTF-8"?>
<!-- Generated by org.testng.reporters.JUnitReportReporter -->
<testsuite hostname="uppi-PC" name="com.selenium.testNG.practice.NewTest" tests="1" failures="0" timestamp="5 Aug 2016 17:25:16 GMT" time="24.308" errors="0">
  <testcase name="f" time="24.308" classname="com.selenium.testNG.practice.NewTest"/>
</testsuite> <!-- com.selenium.testNG.practice.NewTest -->
